   0  $accept : program $end

   1  program : begin header_program cuerpo_prog end ','
   2          | header_program begin end ','
   3          | header_program begin cuerpo_prog ','
   4          | header_program cuerpo_prog end ','
   5          | header_program begin cuerpo_prog end
   6          | ','

   7  header_program : nombre_programa

   8  begin : '{'

   9  end : '}'

  10  nombre_programa : ID

  11  cuerpo_prog : declaracion ejecucion
  12              | declaracion
  13              | ejecucion
  14              | ejecucion declaracion
  15              | declaracion ejecucion declaracion

  16  declaracion : declaracion_variables declaracion_funcion
  17              | declaracion_variables
  18              | declaracion_funcion
  19              | declaracion_clase

  20  declaracion_variables : tipo list_var ','
  21                        | declaracion_variables tipo list_var ','
  22                        | list_var ','

  23  list_var : ID
  24           | list_var ';' ID

  25  declaracion_funcion : declaracion_funcion funcion
  26                      | declaracion_funcion funcion_sin_definir
  27                      | funcion
  28                      | funcion_sin_definir
  29                      | declaracion_impl

  30  funcion : header_funcion '(' list_de_parametros ')' '{' cuerpo_de_la_funcion '}' ','
  31          | header_funcion '(' list_de_parametros ')' '{' '}' ','

  32  funcion_sin_definir : header_funcion '(' list_de_parametros ')' ','

  33  header_funcion : VOID ID
  34                 | VOID

  35  cuerpo_de_la_funcion : declaracion ejecucion_funcion
  36                       | ejecucion_funcion

  37  list_de_parametros :
  38                     | parametro

  39  parametro : tipo ID
  40            | ID
  41            | tipo
  42            | CLASS ID

  43  tipo : UINT
  44       | SHORT
  45       | DOUBLE

  46  ejecucion_funcion : bloque_funcion

  47  bloque_funcion : bloque_funcion sentencia_funcion
  48                 | sentencia_funcion

  49  sentencia_funcion : sentencia

  50  ejecucion : ejecucion sentencia
  51            | sentencia

  52  sentencia : sentencia_ejecutable

  53  sentencia_ejecutable : asignacion ','
  54                       | seleccion ','
  55                       | impresion ','
  56                       | DO_UNTIL ','
  57                       | referencia_clase ','

  58  referencia_clase : ID '.' ID assign ID ','
  59                   | ID '.' ID assign ID '.' ID ','
  60                   | ID '.' ID assign ID '(' list_de_parametros ')' ','

  61  DO_UNTIL : pdo bloque_sentencias_do UNTIL '(' condicion ')'
  62           | pdo UNTIL '(' condicion ')'

  63  pdo : DO

  64  bloque_sentencias_do : '{' sentencia_ejecutable_do RETURN '(' expresion ')' ',' '}'
  65                       | '{' sentencia_ejecutable_do '}'
  66                       | '{' RETURN '(' expresion ')' ',' '}'
  67                       | '{' '}'
  68                       | sentencia_ejecutable_do '}'

  69  sentencia_ejecutable_do : sentencia_do
  70                          | sentencia_ejecutable_do sentencia_do

  71  sentencia_do : DO_UNTIL ';'
  72               | DO_UNTIL
  73               | impresion ','
  74               | impresion
  75               | seleccion_en_do ','
  76               | seleccion_en_do
  77               | asignacion ','

  78  seleccion_en_do : IF condicion_salto_if if_seleccion_do END_IF
  79                  | IF condicion_salto_if if_seleccion_do else_seleccion_do END_IF
  80                  | IF condicion_salto_if if_seleccion_do bloque_sentencias_do END_IF
  81                  | IF condicion_salto_if if_seleccion_do ELSE END_IF

  82  if_seleccion_do : bloque_sentencias_do

  83  else_seleccion_do : ELSE bloque_sentencias_do
  84                    | ELSE ','

  85  seleccion : IF condicion_salto_if if_seleccion END_IF
  86            | IF condicion_salto_if if_seleccion else_seleccion END_IF
  87            | IF condicion_salto_if if_seleccion begin ejecucion end ',' END_IF
  88            | IF condicion_salto_if END_IF
  89            | IF condicion_salto_if if_seleccion ELSE END_IF

  90  if_seleccion : ejecucion ','
  91               | ejecucion RETURN '(' expresion ')' ','
  92               | RETURN '(' expresion ')' ','
  93               | '(' expresion ')' ','
  94               | RETURN ','
  95               | ','
  96               | ejecucion

  97  else_seleccion : ELSE ejecucion ','
  98                 | ELSE ejecucion RETURN '(' expresion ')' ','
  99                 | ELSE RETURN '(' expresion ')' ','
 100                 | ELSE '(' expresion ')' ','
 101                 | ELSE RETURN ','
 102                 | ELSE ','
 103                 | ELSE ejecucion

 104  condicion_salto_if : '(' condicion ')'
 105                     | condicion ')'
 106                     | '(' ')'

 107  condicion : expresion_bool
 108            | condicion comparador expresion_bool

 109  expresion_bool : expresion comparador expresion
 110                 | expresion comparador
 111                 | comparador expresion

 112  comparador : comp_distinto
 113             | comp_igual
 114             | comp_mayor_igual
 115             | comp_menor_igual
 116             | '<'
 117             | '>'

 118  asignacion : ID assign '(' expresion ')'
 119             | ID assign expresion
 120             | assign expresion
 121             | ID expresion
 122             | ID assign

 123  expresion : expresion '+' termino_positivo
 124            | expresion '-' termino_positivo
 125            | termino

 126  termino : termino '*' factor
 127          | termino '/' factor
 128          | factor

 129  termino_positivo : termino_positivo '*' factor
 130                   | termino_positivo '/' factor
 131                   | factor_positivo

 132  factor : ID
 133         | constante
 134         | ID '(' list_parametros_reales ')'

 135  factor_positivo : ID
 136                  | cte
 137                  | ID '(' list_parametros_reales ')'

 138  constante : cte
 139            | '-' cte

 140  impresion : PRINT cadena
 141            | PRINT

 142  list_parametros_reales :
 143                         | parametro_real

 144  parametro_real : expresion

 145  declaracion_clase : CLASS ID '{' declaracion '}' ','
 146                    | CLASS ID '{' '}' ','
 147                    | CLASS '{' '}' ','
 148                    | CLASS ID ','

 149  declaracion_impl : IMPL FOR ID ':' '{' funciones_impl '}'

 150  funciones_impl : funciones_impl funcion
 151                 | funcion

state 0
	$accept : . program $end  (0)

	ID  shift 1
	','  shift 2
	'{'  shift 3
	.  error

	program  goto 4
	begin  goto 5
	header_program  goto 6
	nombre_programa  goto 7


state 1
	nombre_programa : ID .  (10)

	.  reduce 10


state 2
	program : ',' .  (6)

	.  reduce 6


state 3
	begin : '{' .  (8)

	.  reduce 8


state 4
	$accept : program . $end  (0)

	$end  accept


state 5
	program : begin . header_program cuerpo_prog end ','  (1)

	ID  shift 1
	.  error

	header_program  goto 8
	nombre_programa  goto 7


state 6
	program : header_program . begin end ','  (2)
	program : header_program . begin cuerpo_prog ','  (3)
	program : header_program . cuerpo_prog end ','  (4)
	program : header_program . begin cuerpo_prog end  (5)

	ID  shift 9
	IF  shift 10
	PRINT  shift 11
	VOID  shift 12
	DO  shift 13
	CLASS  shift 14
	assign  shift 15
	UINT  shift 16
	SHORT  shift 17
	IMPL  shift 18
	DOUBLE  shift 19
	'{'  shift 3
	.  error

	begin  goto 20
	cuerpo_prog  goto 21
	declaracion  goto 22
	ejecucion  goto 23
	declaracion_variables  goto 24
	declaracion_funcion  goto 25
	declaracion_clase  goto 26
	tipo  goto 27
	list_var  goto 28
	funcion  goto 29
	funcion_sin_definir  goto 30
	declaracion_impl  goto 31
	header_funcion  goto 32
	sentencia  goto 33
	sentencia_ejecutable  goto 34
	asignacion  goto 35
	seleccion  goto 36
	impresion  goto 37
	DO_UNTIL  goto 38
	referencia_clase  goto 39
	pdo  goto 40


state 7
	header_program : nombre_programa .  (7)

	.  reduce 7


state 8
	program : begin header_program . cuerpo_prog end ','  (1)

	ID  shift 9
	IF  shift 10
	PRINT  shift 11
	VOID  shift 12
	DO  shift 13
	CLASS  shift 14
	assign  shift 15
	UINT  shift 16
	SHORT  shift 17
	IMPL  shift 18
	DOUBLE  shift 19
	.  error

	cuerpo_prog  goto 41
	declaracion  goto 22
	ejecucion  goto 23
	declaracion_variables  goto 24
	declaracion_funcion  goto 25
	declaracion_clase  goto 26
	tipo  goto 27
	list_var  goto 28
	funcion  goto 29
	funcion_sin_definir  goto 30
	declaracion_impl  goto 31
	header_funcion  goto 32
	sentencia  goto 33
	sentencia_ejecutable  goto 34
	asignacion  goto 35
	seleccion  goto 36
	impresion  goto 37
	DO_UNTIL  goto 38
	referencia_clase  goto 39
	pdo  goto 40


state 9
	list_var : ID .  (23)
	referencia_clase : ID . '.' ID assign ID ','  (58)
	referencia_clase : ID . '.' ID assign ID '.' ID ','  (59)
	referencia_clase : ID . '.' ID assign ID '(' list_de_parametros ')' ','  (60)
	asignacion : ID . assign '(' expresion ')'  (118)
	asignacion : ID . assign expresion  (119)
	asignacion : ID . expresion  (121)
	asignacion : ID . assign  (122)

	ID  shift 42
	cte  shift 43
	assign  shift 44
	'-'  shift 45
	'.'  shift 46
	','  reduce 23
	';'  reduce 23

	expresion  goto 47
	termino  goto 48
	factor  goto 49
	constante  goto 50


state 10
	seleccion : IF . condicion_salto_if if_seleccion END_IF  (85)
	seleccion : IF . condicion_salto_if if_seleccion else_seleccion END_IF  (86)
	seleccion : IF . condicion_salto_if if_seleccion begin ejecucion end ',' END_IF  (87)
	seleccion : IF . condicion_salto_if END_IF  (88)
	seleccion : IF . condicion_salto_if if_seleccion ELSE END_IF  (89)

	ID  shift 42
	cte  shift 43
	comp_menor_igual  shift 51
	comp_mayor_igual  shift 52
	comp_distinto  shift 53
	comp_igual  shift 54
	'-'  shift 45
	'>'  shift 55
	'<'  shift 56
	'('  shift 57
	.  error

	condicion  goto 58
	expresion  goto 59
	condicion_salto_if  goto 60
	expresion_bool  goto 61
	comparador  goto 62
	termino  goto 48
	factor  goto 49
	constante  goto 50


state 11
	impresion : PRINT . cadena  (140)
	impresion : PRINT .  (141)

	cadena  shift 63
	ID  reduce 141
	IF  reduce 141
	PRINT  reduce 141
	RETURN  reduce 141
	DO  reduce 141
	assign  reduce 141
	','  reduce 141
	'}'  reduce 141


state 12
	header_funcion : VOID . ID  (33)
	header_funcion : VOID .  (34)

	ID  shift 64
	'('  reduce 34


state 13
	pdo : DO .  (63)

	.  reduce 63


state 14
	declaracion_clase : CLASS . ID '{' declaracion '}' ','  (145)
	declaracion_clase : CLASS . ID '{' '}' ','  (146)
	declaracion_clase : CLASS . '{' '}' ','  (147)
	declaracion_clase : CLASS . ID ','  (148)

	ID  shift 65
	'{'  shift 66
	.  error


state 15
	asignacion : assign . expresion  (120)

	ID  shift 42
	cte  shift 43
	'-'  shift 45
	.  error

	expresion  goto 67
	termino  goto 48
	factor  goto 49
	constante  goto 50


state 16
	tipo : UINT .  (43)

	.  reduce 43


state 17
	tipo : SHORT .  (44)

	.  reduce 44


state 18
	declaracion_impl : IMPL . FOR ID ':' '{' funciones_impl '}'  (149)

	FOR  shift 68
	.  error


state 19
	tipo : DOUBLE .  (45)

	.  reduce 45


state 20
	program : header_program begin . end ','  (2)
	program : header_program begin . cuerpo_prog ','  (3)
	program : header_program begin . cuerpo_prog end  (5)

	ID  shift 9
	IF  shift 10
	PRINT  shift 11
	VOID  shift 12
	DO  shift 13
	CLASS  shift 14
	assign  shift 15
	UINT  shift 16
	SHORT  shift 17
	IMPL  shift 18
	DOUBLE  shift 19
	'}'  shift 69
	.  error

	cuerpo_prog  goto 70
	end  goto 71
	declaracion  goto 22
	ejecucion  goto 23
	declaracion_variables  goto 24
	declaracion_funcion  goto 25
	declaracion_clase  goto 26
	tipo  goto 27
	list_var  goto 28
	funcion  goto 29
	funcion_sin_definir  goto 30
	declaracion_impl  goto 31
	header_funcion  goto 32
	sentencia  goto 33
	sentencia_ejecutable  goto 34
	asignacion  goto 35
	seleccion  goto 36
	impresion  goto 37
	DO_UNTIL  goto 38
	referencia_clase  goto 39
	pdo  goto 40


state 21
	program : header_program cuerpo_prog . end ','  (4)

	'}'  shift 69
	.  error

	end  goto 72


state 22
	cuerpo_prog : declaracion . ejecucion  (11)
	cuerpo_prog : declaracion .  (12)
	cuerpo_prog : declaracion . ejecucion declaracion  (15)

	ID  shift 73
	IF  shift 10
	PRINT  shift 11
	DO  shift 13
	assign  shift 15
	','  reduce 12
	'}'  reduce 12

	ejecucion  goto 74
	sentencia  goto 33
	sentencia_ejecutable  goto 34
	asignacion  goto 35
	seleccion  goto 36
	impresion  goto 37
	DO_UNTIL  goto 38
	referencia_clase  goto 39
	pdo  goto 40


state 23
	cuerpo_prog : ejecucion .  (13)
	cuerpo_prog : ejecucion . declaracion  (14)
	ejecucion : ejecucion . sentencia  (50)

	ID  shift 9
	IF  shift 10
	PRINT  shift 11
	VOID  shift 12
	DO  shift 13
	CLASS  shift 14
	assign  shift 15
	UINT  shift 16
	SHORT  shift 17
	IMPL  shift 18
	DOUBLE  shift 19
	','  reduce 13
	'}'  reduce 13

	declaracion  goto 75
	declaracion_variables  goto 24
	declaracion_funcion  goto 25
	declaracion_clase  goto 26
	tipo  goto 27
	list_var  goto 28
	funcion  goto 29
	funcion_sin_definir  goto 30
	declaracion_impl  goto 31
	header_funcion  goto 32
	sentencia  goto 76
	sentencia_ejecutable  goto 34
	asignacion  goto 35
	seleccion  goto 36
	impresion  goto 37
	DO_UNTIL  goto 38
	referencia_clase  goto 39
	pdo  goto 40


state 24
	declaracion : declaracion_variables . declaracion_funcion  (16)
	declaracion : declaracion_variables .  (17)
	declaracion_variables : declaracion_variables . tipo list_var ','  (21)

	VOID  shift 12
	UINT  shift 16
	SHORT  shift 17
	IMPL  shift 18
	DOUBLE  shift 19
	ID  reduce 17
	IF  reduce 17
	PRINT  reduce 17
	DO  reduce 17
	assign  reduce 17
	','  reduce 17
	'}'  reduce 17

	declaracion_funcion  goto 77
	tipo  goto 78
	funcion  goto 29
	funcion_sin_definir  goto 30
	declaracion_impl  goto 31
	header_funcion  goto 32


state 25
	declaracion : declaracion_funcion .  (18)
	declaracion_funcion : declaracion_funcion . funcion  (25)
	declaracion_funcion : declaracion_funcion . funcion_sin_definir  (26)

	VOID  shift 12
	ID  reduce 18
	IF  reduce 18
	PRINT  reduce 18
	DO  reduce 18
	assign  reduce 18
	','  reduce 18
	'}'  reduce 18

	funcion  goto 79
	funcion_sin_definir  goto 80
	header_funcion  goto 32


state 26
	declaracion : declaracion_clase .  (19)

	.  reduce 19


state 27
	declaracion_variables : tipo . list_var ','  (20)

	ID  shift 81
	.  error

	list_var  goto 82


state 28
	declaracion_variables : list_var . ','  (22)
	list_var : list_var . ';' ID  (24)

	','  shift 83
	';'  shift 84
	.  error


state 29
	declaracion_funcion : funcion .  (27)

	.  reduce 27


state 30
	declaracion_funcion : funcion_sin_definir .  (28)

	.  reduce 28


state 31
	declaracion_funcion : declaracion_impl .  (29)

	.  reduce 29


state 32
	funcion : header_funcion . '(' list_de_parametros ')' '{' cuerpo_de_la_funcion '}' ','  (30)
	funcion : header_funcion . '(' list_de_parametros ')' '{' '}' ','  (31)
	funcion_sin_definir : header_funcion . '(' list_de_parametros ')' ','  (32)

	'('  shift 85
	.  error


state 33
	ejecucion : sentencia .  (51)

	.  reduce 51


state 34
	sentencia : sentencia_ejecutable .  (52)

	.  reduce 52


state 35
	sentencia_ejecutable : asignacion . ','  (53)

	','  shift 86
	.  error


state 36
	sentencia_ejecutable : seleccion . ','  (54)

	','  shift 87
	.  error


state 37
	sentencia_ejecutable : impresion . ','  (55)

	','  shift 88
	.  error


state 38
	sentencia_ejecutable : DO_UNTIL . ','  (56)

	','  shift 89
	.  error


state 39
	sentencia_ejecutable : referencia_clase . ','  (57)

	','  shift 90
	.  error


state 40
	DO_UNTIL : pdo . bloque_sentencias_do UNTIL '(' condicion ')'  (61)
	DO_UNTIL : pdo . UNTIL '(' condicion ')'  (62)

	ID  shift 91
	IF  shift 92
	PRINT  shift 11
	DO  shift 13
	UNTIL  shift 93
	assign  shift 15
	'{'  shift 94
	.  error

	asignacion  goto 95
	impresion  goto 96
	DO_UNTIL  goto 97
	pdo  goto 40
	bloque_sentencias_do  goto 98
	sentencia_ejecutable_do  goto 99
	sentencia_do  goto 100
	seleccion_en_do  goto 101


state 41
	program : begin header_program cuerpo_prog . end ','  (1)

	'}'  shift 69
	.  error

	end  goto 102


state 42
	factor : ID .  (132)
	factor : ID . '(' list_parametros_reales ')'  (134)

	'('  shift 103
	comp_menor_igual  reduce 132
	comp_mayor_igual  reduce 132
	comp_distinto  reduce 132
	comp_igual  reduce 132
	'+'  reduce 132
	'-'  reduce 132
	'*'  reduce 132
	'/'  reduce 132
	'>'  reduce 132
	'<'  reduce 132
	','  reduce 132
	')'  reduce 132


state 43
	constante : cte .  (138)

	.  reduce 138


state 44
	asignacion : ID assign . '(' expresion ')'  (118)
	asignacion : ID assign . expresion  (119)
	asignacion : ID assign .  (122)

	ID  shift 42
	cte  shift 43
	'-'  shift 45
	'('  shift 104
	','  reduce 122

	expresion  goto 105
	termino  goto 48
	factor  goto 49
	constante  goto 50


state 45
	constante : '-' . cte  (139)

	cte  shift 106
	.  error


state 46
	referencia_clase : ID '.' . ID assign ID ','  (58)
	referencia_clase : ID '.' . ID assign ID '.' ID ','  (59)
	referencia_clase : ID '.' . ID assign ID '(' list_de_parametros ')' ','  (60)

	ID  shift 107
	.  error


state 47
	asignacion : ID expresion .  (121)
	expresion : expresion . '+' termino_positivo  (123)
	expresion : expresion . '-' termino_positivo  (124)

	'+'  shift 108
	'-'  shift 109
	','  reduce 121


state 48
	expresion : termino .  (125)
	termino : termino . '*' factor  (126)
	termino : termino . '/' factor  (127)

	'*'  shift 110
	'/'  shift 111
	comp_menor_igual  reduce 125
	comp_mayor_igual  reduce 125
	comp_distinto  reduce 125
	comp_igual  reduce 125
	'+'  reduce 125
	'-'  reduce 125
	'>'  reduce 125
	'<'  reduce 125
	','  reduce 125
	')'  reduce 125


state 49
	termino : factor .  (128)

	.  reduce 128


state 50
	factor : constante .  (133)

	.  reduce 133


state 51
	comparador : comp_menor_igual .  (115)

	.  reduce 115


state 52
	comparador : comp_mayor_igual .  (114)

	.  reduce 114


state 53
	comparador : comp_distinto .  (112)

	.  reduce 112


state 54
	comparador : comp_igual .  (113)

	.  reduce 113


state 55
	comparador : '>' .  (117)

	.  reduce 117


state 56
	comparador : '<' .  (116)

	.  reduce 116


state 57
	condicion_salto_if : '(' . condicion ')'  (104)
	condicion_salto_if : '(' . ')'  (106)

	ID  shift 42
	cte  shift 43
	comp_menor_igual  shift 51
	comp_mayor_igual  shift 52
	comp_distinto  shift 53
	comp_igual  shift 54
	'-'  shift 45
	'>'  shift 55
	'<'  shift 56
	')'  shift 112
	.  error

	condicion  goto 113
	expresion  goto 59
	expresion_bool  goto 61
	comparador  goto 62
	termino  goto 48
	factor  goto 49
	constante  goto 50


state 58
	condicion_salto_if : condicion . ')'  (105)
	condicion : condicion . comparador expresion_bool  (108)

	comp_menor_igual  shift 51
	comp_mayor_igual  shift 52
	comp_distinto  shift 53
	comp_igual  shift 54
	'>'  shift 55
	'<'  shift 56
	')'  shift 114
	.  error

	comparador  goto 115


state 59
	expresion_bool : expresion . comparador expresion  (109)
	expresion_bool : expresion . comparador  (110)
	expresion : expresion . '+' termino_positivo  (123)
	expresion : expresion . '-' termino_positivo  (124)

	comp_menor_igual  shift 51
	comp_mayor_igual  shift 52
	comp_distinto  shift 53
	comp_igual  shift 54
	'+'  shift 108
	'-'  shift 109
	'>'  shift 55
	'<'  shift 56
	.  error

	comparador  goto 116


state 60
	seleccion : IF condicion_salto_if . if_seleccion END_IF  (85)
	seleccion : IF condicion_salto_if . if_seleccion else_seleccion END_IF  (86)
	seleccion : IF condicion_salto_if . if_seleccion begin ejecucion end ',' END_IF  (87)
	seleccion : IF condicion_salto_if . END_IF  (88)
	seleccion : IF condicion_salto_if . if_seleccion ELSE END_IF  (89)

	ID  shift 73
	IF  shift 10
	END_IF  shift 117
	PRINT  shift 11
	RETURN  shift 118
	DO  shift 13
	assign  shift 15
	','  shift 119
	'('  shift 120
	.  error

	ejecucion  goto 121
	sentencia  goto 33
	sentencia_ejecutable  goto 34
	asignacion  goto 35
	seleccion  goto 36
	impresion  goto 37
	DO_UNTIL  goto 38
	referencia_clase  goto 39
	pdo  goto 40
	if_seleccion  goto 122


state 61
	condicion : expresion_bool .  (107)

	.  reduce 107


state 62
	expresion_bool : comparador . expresion  (111)

	ID  shift 42
	cte  shift 43
	'-'  shift 45
	.  error

	expresion  goto 123
	termino  goto 48
	factor  goto 49
	constante  goto 50


state 63
	impresion : PRINT cadena .  (140)

	.  reduce 140


state 64
	header_funcion : VOID ID .  (33)

	.  reduce 33


state 65
	declaracion_clase : CLASS ID . '{' declaracion '}' ','  (145)
	declaracion_clase : CLASS ID . '{' '}' ','  (146)
	declaracion_clase : CLASS ID . ','  (148)

	','  shift 124
	'{'  shift 125
	.  error


state 66
	declaracion_clase : CLASS '{' . '}' ','  (147)

	'}'  shift 126
	.  error


state 67
	asignacion : assign expresion .  (120)
	expresion : expresion . '+' termino_positivo  (123)
	expresion : expresion . '-' termino_positivo  (124)

	'+'  shift 108
	'-'  shift 109
	','  reduce 120


state 68
	declaracion_impl : IMPL FOR . ID ':' '{' funciones_impl '}'  (149)

	ID  shift 127
	.  error


state 69
	end : '}' .  (9)

	.  reduce 9


state 70
	program : header_program begin cuerpo_prog . ','  (3)
	program : header_program begin cuerpo_prog . end  (5)

	','  shift 128
	'}'  shift 69
	.  error

	end  goto 129


state 71
	program : header_program begin end . ','  (2)

	','  shift 130
	.  error


state 72
	program : header_program cuerpo_prog end . ','  (4)

	','  shift 131
	.  error


state 73
	referencia_clase : ID . '.' ID assign ID ','  (58)
	referencia_clase : ID . '.' ID assign ID '.' ID ','  (59)
	referencia_clase : ID . '.' ID assign ID '(' list_de_parametros ')' ','  (60)
	asignacion : ID . assign '(' expresion ')'  (118)
	asignacion : ID . assign expresion  (119)
	asignacion : ID . expresion  (121)
	asignacion : ID . assign  (122)

	ID  shift 42
	cte  shift 43
	assign  shift 44
	'-'  shift 45
	'.'  shift 46
	.  error

	expresion  goto 47
	termino  goto 48
	factor  goto 49
	constante  goto 50


state 74
	cuerpo_prog : declaracion ejecucion .  (11)
	cuerpo_prog : declaracion ejecucion . declaracion  (15)
	ejecucion : ejecucion . sentencia  (50)

	ID  shift 9
	IF  shift 10
	PRINT  shift 11
	VOID  shift 12
	DO  shift 13
	CLASS  shift 14
	assign  shift 15
	UINT  shift 16
	SHORT  shift 17
	IMPL  shift 18
	DOUBLE  shift 19
	','  reduce 11
	'}'  reduce 11

	declaracion  goto 132
	declaracion_variables  goto 24
	declaracion_funcion  goto 25
	declaracion_clase  goto 26
	tipo  goto 27
	list_var  goto 28
	funcion  goto 29
	funcion_sin_definir  goto 30
	declaracion_impl  goto 31
	header_funcion  goto 32
	sentencia  goto 76
	sentencia_ejecutable  goto 34
	asignacion  goto 35
	seleccion  goto 36
	impresion  goto 37
	DO_UNTIL  goto 38
	referencia_clase  goto 39
	pdo  goto 40


state 75
	cuerpo_prog : ejecucion declaracion .  (14)

	.  reduce 14


state 76
	ejecucion : ejecucion sentencia .  (50)

	.  reduce 50


state 77
	declaracion : declaracion_variables declaracion_funcion .  (16)
	declaracion_funcion : declaracion_funcion . funcion  (25)
	declaracion_funcion : declaracion_funcion . funcion_sin_definir  (26)

	VOID  shift 12
	ID  reduce 16
	IF  reduce 16
	PRINT  reduce 16
	DO  reduce 16
	assign  reduce 16
	','  reduce 16
	'}'  reduce 16

	funcion  goto 79
	funcion_sin_definir  goto 80
	header_funcion  goto 32


state 78
	declaracion_variables : declaracion_variables tipo . list_var ','  (21)

	ID  shift 81
	.  error

	list_var  goto 133


state 79
	declaracion_funcion : declaracion_funcion funcion .  (25)

	.  reduce 25


state 80
	declaracion_funcion : declaracion_funcion funcion_sin_definir .  (26)

	.  reduce 26


state 81
	list_var : ID .  (23)

	.  reduce 23


state 82
	declaracion_variables : tipo list_var . ','  (20)
	list_var : list_var . ';' ID  (24)

	','  shift 134
	';'  shift 84
	.  error


state 83
	declaracion_variables : list_var ',' .  (22)

	.  reduce 22


state 84
	list_var : list_var ';' . ID  (24)

	ID  shift 135
	.  error


state 85
	funcion : header_funcion '(' . list_de_parametros ')' '{' cuerpo_de_la_funcion '}' ','  (30)
	funcion : header_funcion '(' . list_de_parametros ')' '{' '}' ','  (31)
	funcion_sin_definir : header_funcion '(' . list_de_parametros ')' ','  (32)
	list_de_parametros : .  (37)

	ID  shift 136
	CLASS  shift 137
	UINT  shift 16
	SHORT  shift 17
	DOUBLE  shift 19
	')'  reduce 37

	tipo  goto 138
	list_de_parametros  goto 139
	parametro  goto 140


state 86
	sentencia_ejecutable : asignacion ',' .  (53)

	.  reduce 53


state 87
	sentencia_ejecutable : seleccion ',' .  (54)

	.  reduce 54


state 88
	sentencia_ejecutable : impresion ',' .  (55)

	.  reduce 55


state 89
	sentencia_ejecutable : DO_UNTIL ',' .  (56)

	.  reduce 56


state 90
	sentencia_ejecutable : referencia_clase ',' .  (57)

	.  reduce 57


state 91
	asignacion : ID . assign '(' expresion ')'  (118)
	asignacion : ID . assign expresion  (119)
	asignacion : ID . expresion  (121)
	asignacion : ID . assign  (122)

	ID  shift 42
	cte  shift 43
	assign  shift 44
	'-'  shift 45
	.  error

	expresion  goto 47
	termino  goto 48
	factor  goto 49
	constante  goto 50


state 92
	seleccion_en_do : IF . condicion_salto_if if_seleccion_do END_IF  (78)
	seleccion_en_do : IF . condicion_salto_if if_seleccion_do else_seleccion_do END_IF  (79)
	seleccion_en_do : IF . condicion_salto_if if_seleccion_do bloque_sentencias_do END_IF  (80)
	seleccion_en_do : IF . condicion_salto_if if_seleccion_do ELSE END_IF  (81)

	ID  shift 42
	cte  shift 43
	comp_menor_igual  shift 51
	comp_mayor_igual  shift 52
	comp_distinto  shift 53
	comp_igual  shift 54
	'-'  shift 45
	'>'  shift 55
	'<'  shift 56
	'('  shift 57
	.  error

	condicion  goto 58
	expresion  goto 59
	condicion_salto_if  goto 141
	expresion_bool  goto 61
	comparador  goto 62
	termino  goto 48
	factor  goto 49
	constante  goto 50


state 93
	DO_UNTIL : pdo UNTIL . '(' condicion ')'  (62)

	'('  shift 142
	.  error


state 94
	bloque_sentencias_do : '{' . sentencia_ejecutable_do RETURN '(' expresion ')' ',' '}'  (64)
	bloque_sentencias_do : '{' . sentencia_ejecutable_do '}'  (65)
	bloque_sentencias_do : '{' . RETURN '(' expresion ')' ',' '}'  (66)
	bloque_sentencias_do : '{' . '}'  (67)

	ID  shift 91
	IF  shift 92
	PRINT  shift 11
	RETURN  shift 143
	DO  shift 13
	assign  shift 15
	'}'  shift 144
	.  error

	asignacion  goto 95
	impresion  goto 96
	DO_UNTIL  goto 97
	pdo  goto 40
	sentencia_ejecutable_do  goto 145
	sentencia_do  goto 100
	seleccion_en_do  goto 101


state 95
	sentencia_do : asignacion . ','  (77)

	','  shift 146
	.  error


state 96
	sentencia_do : impresion . ','  (73)
	sentencia_do : impresion .  (74)

	','  shift 147
	ID  reduce 74
	IF  reduce 74
	PRINT  reduce 74
	RETURN  reduce 74
	DO  reduce 74
	assign  reduce 74
	'}'  reduce 74


state 97
	sentencia_do : DO_UNTIL . ';'  (71)
	sentencia_do : DO_UNTIL .  (72)

	';'  shift 148
	ID  reduce 72
	IF  reduce 72
	PRINT  reduce 72
	RETURN  reduce 72
	DO  reduce 72
	assign  reduce 72
	'}'  reduce 72


state 98
	DO_UNTIL : pdo bloque_sentencias_do . UNTIL '(' condicion ')'  (61)

	UNTIL  shift 149
	.  error


state 99
	bloque_sentencias_do : sentencia_ejecutable_do . '}'  (68)
	sentencia_ejecutable_do : sentencia_ejecutable_do . sentencia_do  (70)

	ID  shift 91
	IF  shift 92
	PRINT  shift 11
	DO  shift 13
	assign  shift 15
	'}'  shift 150
	.  error

	asignacion  goto 95
	impresion  goto 96
	DO_UNTIL  goto 97
	pdo  goto 40
	sentencia_do  goto 151
	seleccion_en_do  goto 101


state 100
	sentencia_ejecutable_do : sentencia_do .  (69)

	.  reduce 69


state 101
	sentencia_do : seleccion_en_do . ','  (75)
	sentencia_do : seleccion_en_do .  (76)

	','  shift 152
	ID  reduce 76
	IF  reduce 76
	PRINT  reduce 76
	RETURN  reduce 76
	DO  reduce 76
	assign  reduce 76
	'}'  reduce 76


state 102
	program : begin header_program cuerpo_prog end . ','  (1)

	','  shift 153
	.  error


state 103
	factor : ID '(' . list_parametros_reales ')'  (134)
	list_parametros_reales : .  (142)

	ID  shift 42
	cte  shift 43
	'-'  shift 45
	')'  reduce 142

	expresion  goto 154
	termino  goto 48
	factor  goto 49
	constante  goto 50
	list_parametros_reales  goto 155
	parametro_real  goto 156


state 104
	asignacion : ID assign '(' . expresion ')'  (118)

	ID  shift 42
	cte  shift 43
	'-'  shift 45
	.  error

	expresion  goto 157
	termino  goto 48
	factor  goto 49
	constante  goto 50


state 105
	asignacion : ID assign expresion .  (119)
	expresion : expresion . '+' termino_positivo  (123)
	expresion : expresion . '-' termino_positivo  (124)

	'+'  shift 108
	'-'  shift 109
	','  reduce 119


state 106
	constante : '-' cte .  (139)

	.  reduce 139


state 107
	referencia_clase : ID '.' ID . assign ID ','  (58)
	referencia_clase : ID '.' ID . assign ID '.' ID ','  (59)
	referencia_clase : ID '.' ID . assign ID '(' list_de_parametros ')' ','  (60)

	assign  shift 158
	.  error


state 108
	expresion : expresion '+' . termino_positivo  (123)

	ID  shift 159
	cte  shift 160
	.  error

	termino_positivo  goto 161
	factor_positivo  goto 162


state 109
	expresion : expresion '-' . termino_positivo  (124)

	ID  shift 159
	cte  shift 160
	.  error

	termino_positivo  goto 163
	factor_positivo  goto 162


state 110
	termino : termino '*' . factor  (126)

	ID  shift 42
	cte  shift 43
	'-'  shift 45
	.  error

	factor  goto 164
	constante  goto 50


state 111
	termino : termino '/' . factor  (127)

	ID  shift 42
	cte  shift 43
	'-'  shift 45
	.  error

	factor  goto 165
	constante  goto 50


state 112
	condicion_salto_if : '(' ')' .  (106)

	.  reduce 106


state 113
	condicion_salto_if : '(' condicion . ')'  (104)
	condicion : condicion . comparador expresion_bool  (108)

	comp_menor_igual  shift 51
	comp_mayor_igual  shift 52
	comp_distinto  shift 53
	comp_igual  shift 54
	'>'  shift 55
	'<'  shift 56
	')'  shift 166
	.  error

	comparador  goto 115


state 114
	condicion_salto_if : condicion ')' .  (105)

	.  reduce 105


state 115
	condicion : condicion comparador . expresion_bool  (108)

	ID  shift 42
	cte  shift 43
	comp_menor_igual  shift 51
	comp_mayor_igual  shift 52
	comp_distinto  shift 53
	comp_igual  shift 54
	'-'  shift 45
	'>'  shift 55
	'<'  shift 56
	.  error

	expresion  goto 59
	expresion_bool  goto 167
	comparador  goto 62
	termino  goto 48
	factor  goto 49
	constante  goto 50


state 116
	expresion_bool : expresion comparador . expresion  (109)
	expresion_bool : expresion comparador .  (110)

	ID  shift 42
	cte  shift 43
	'-'  shift 45
	comp_menor_igual  reduce 110
	comp_mayor_igual  reduce 110
	comp_distinto  reduce 110
	comp_igual  reduce 110
	'>'  reduce 110
	'<'  reduce 110
	')'  reduce 110

	expresion  goto 168
	termino  goto 48
	factor  goto 49
	constante  goto 50


state 117
	seleccion : IF condicion_salto_if END_IF .  (88)

	.  reduce 88


state 118
	if_seleccion : RETURN . '(' expresion ')' ','  (92)
	if_seleccion : RETURN . ','  (94)

	','  shift 169
	'('  shift 170
	.  error


state 119
	if_seleccion : ',' .  (95)

	.  reduce 95


state 120
	if_seleccion : '(' . expresion ')' ','  (93)

	ID  shift 42
	cte  shift 43
	'-'  shift 45
	.  error

	expresion  goto 171
	termino  goto 48
	factor  goto 49
	constante  goto 50


state 121
	ejecucion : ejecucion . sentencia  (50)
	if_seleccion : ejecucion . ','  (90)
	if_seleccion : ejecucion . RETURN '(' expresion ')' ','  (91)
	if_seleccion : ejecucion .  (96)

	ID  shift 73
	IF  shift 10
	PRINT  shift 11
	RETURN  shift 172
	DO  shift 13
	assign  shift 15
	','  shift 173
	ELSE  reduce 96
	END_IF  reduce 96
	'{'  reduce 96

	sentencia  goto 76
	sentencia_ejecutable  goto 34
	asignacion  goto 35
	seleccion  goto 36
	impresion  goto 37
	DO_UNTIL  goto 38
	referencia_clase  goto 39
	pdo  goto 40


state 122
	seleccion : IF condicion_salto_if if_seleccion . END_IF  (85)
	seleccion : IF condicion_salto_if if_seleccion . else_seleccion END_IF  (86)
	seleccion : IF condicion_salto_if if_seleccion . begin ejecucion end ',' END_IF  (87)
	seleccion : IF condicion_salto_if if_seleccion . ELSE END_IF  (89)

	ELSE  shift 174
	END_IF  shift 175
	'{'  shift 3
	.  error

	begin  goto 176
	else_seleccion  goto 177


state 123
	expresion_bool : comparador expresion .  (111)
	expresion : expresion . '+' termino_positivo  (123)
	expresion : expresion . '-' termino_positivo  (124)

	'+'  shift 108
	'-'  shift 109
	comp_menor_igual  reduce 111
	comp_mayor_igual  reduce 111
	comp_distinto  reduce 111
	comp_igual  reduce 111
	'>'  reduce 111
	'<'  reduce 111
	')'  reduce 111


state 124
	declaracion_clase : CLASS ID ',' .  (148)

	.  reduce 148


state 125
	declaracion_clase : CLASS ID '{' . declaracion '}' ','  (145)
	declaracion_clase : CLASS ID '{' . '}' ','  (146)

	ID  shift 81
	VOID  shift 12
	CLASS  shift 14
	UINT  shift 16
	SHORT  shift 17
	IMPL  shift 18
	DOUBLE  shift 19
	'}'  shift 178
	.  error

	declaracion  goto 179
	declaracion_variables  goto 24
	declaracion_funcion  goto 25
	declaracion_clase  goto 26
	tipo  goto 27
	list_var  goto 28
	funcion  goto 29
	funcion_sin_definir  goto 30
	declaracion_impl  goto 31
	header_funcion  goto 32


state 126
	declaracion_clase : CLASS '{' '}' . ','  (147)

	','  shift 180
	.  error


state 127
	declaracion_impl : IMPL FOR ID . ':' '{' funciones_impl '}'  (149)

	':'  shift 181
	.  error


state 128
	program : header_program begin cuerpo_prog ',' .  (3)

	.  reduce 3


state 129
	program : header_program begin cuerpo_prog end .  (5)

	.  reduce 5


state 130
	program : header_program begin end ',' .  (2)

	.  reduce 2


state 131
	program : header_program cuerpo_prog end ',' .  (4)

	.  reduce 4


state 132
	cuerpo_prog : declaracion ejecucion declaracion .  (15)

	.  reduce 15


state 133
	declaracion_variables : declaracion_variables tipo list_var . ','  (21)
	list_var : list_var . ';' ID  (24)

	','  shift 182
	';'  shift 84
	.  error


state 134
	declaracion_variables : tipo list_var ',' .  (20)

	.  reduce 20


state 135
	list_var : list_var ';' ID .  (24)

	.  reduce 24


state 136
	parametro : ID .  (40)

	.  reduce 40


state 137
	parametro : CLASS . ID  (42)

	ID  shift 183
	.  error


state 138
	parametro : tipo . ID  (39)
	parametro : tipo .  (41)

	ID  shift 184
	')'  reduce 41


state 139
	funcion : header_funcion '(' list_de_parametros . ')' '{' cuerpo_de_la_funcion '}' ','  (30)
	funcion : header_funcion '(' list_de_parametros . ')' '{' '}' ','  (31)
	funcion_sin_definir : header_funcion '(' list_de_parametros . ')' ','  (32)

	')'  shift 185
	.  error


state 140
	list_de_parametros : parametro .  (38)

	.  reduce 38


state 141
	seleccion_en_do : IF condicion_salto_if . if_seleccion_do END_IF  (78)
	seleccion_en_do : IF condicion_salto_if . if_seleccion_do else_seleccion_do END_IF  (79)
	seleccion_en_do : IF condicion_salto_if . if_seleccion_do bloque_sentencias_do END_IF  (80)
	seleccion_en_do : IF condicion_salto_if . if_seleccion_do ELSE END_IF  (81)

	ID  shift 91
	IF  shift 92
	PRINT  shift 11
	DO  shift 13
	assign  shift 15
	'{'  shift 94
	.  error

	asignacion  goto 95
	impresion  goto 96
	DO_UNTIL  goto 97
	pdo  goto 40
	bloque_sentencias_do  goto 186
	sentencia_ejecutable_do  goto 99
	sentencia_do  goto 100
	seleccion_en_do  goto 101
	if_seleccion_do  goto 187


state 142
	DO_UNTIL : pdo UNTIL '(' . condicion ')'  (62)

	ID  shift 42
	cte  shift 43
	comp_menor_igual  shift 51
	comp_mayor_igual  shift 52
	comp_distinto  shift 53
	comp_igual  shift 54
	'-'  shift 45
	'>'  shift 55
	'<'  shift 56
	.  error

	condicion  goto 188
	expresion  goto 59
	expresion_bool  goto 61
	comparador  goto 62
	termino  goto 48
	factor  goto 49
	constante  goto 50


state 143
	bloque_sentencias_do : '{' RETURN . '(' expresion ')' ',' '}'  (66)

	'('  shift 189
	.  error


state 144
	bloque_sentencias_do : '{' '}' .  (67)

	.  reduce 67


state 145
	bloque_sentencias_do : '{' sentencia_ejecutable_do . RETURN '(' expresion ')' ',' '}'  (64)
	bloque_sentencias_do : '{' sentencia_ejecutable_do . '}'  (65)
	sentencia_ejecutable_do : sentencia_ejecutable_do . sentencia_do  (70)

	ID  shift 91
	IF  shift 92
	PRINT  shift 11
	RETURN  shift 190
	DO  shift 13
	assign  shift 15
	'}'  shift 191
	.  error

	asignacion  goto 95
	impresion  goto 96
	DO_UNTIL  goto 97
	pdo  goto 40
	sentencia_do  goto 151
	seleccion_en_do  goto 101


state 146
	sentencia_do : asignacion ',' .  (77)

	.  reduce 77


state 147
	sentencia_do : impresion ',' .  (73)

	.  reduce 73


state 148
	sentencia_do : DO_UNTIL ';' .  (71)

	.  reduce 71


state 149
	DO_UNTIL : pdo bloque_sentencias_do UNTIL . '(' condicion ')'  (61)

	'('  shift 192
	.  error


state 150
	bloque_sentencias_do : sentencia_ejecutable_do '}' .  (68)

	.  reduce 68


state 151
	sentencia_ejecutable_do : sentencia_ejecutable_do sentencia_do .  (70)

	.  reduce 70


state 152
	sentencia_do : seleccion_en_do ',' .  (75)

	.  reduce 75


state 153
	program : begin header_program cuerpo_prog end ',' .  (1)

	.  reduce 1


state 154
	expresion : expresion . '+' termino_positivo  (123)
	expresion : expresion . '-' termino_positivo  (124)
	parametro_real : expresion .  (144)

	'+'  shift 108
	'-'  shift 109
	')'  reduce 144


state 155
	factor : ID '(' list_parametros_reales . ')'  (134)

	')'  shift 193
	.  error


state 156
	list_parametros_reales : parametro_real .  (143)

	.  reduce 143


state 157
	asignacion : ID assign '(' expresion . ')'  (118)
	expresion : expresion . '+' termino_positivo  (123)
	expresion : expresion . '-' termino_positivo  (124)

	'+'  shift 108
	'-'  shift 109
	')'  shift 194
	.  error


state 158
	referencia_clase : ID '.' ID assign . ID ','  (58)
	referencia_clase : ID '.' ID assign . ID '.' ID ','  (59)
	referencia_clase : ID '.' ID assign . ID '(' list_de_parametros ')' ','  (60)

	ID  shift 195
	.  error


state 159
	factor_positivo : ID .  (135)
	factor_positivo : ID . '(' list_parametros_reales ')'  (137)

	'('  shift 196
	comp_menor_igual  reduce 135
	comp_mayor_igual  reduce 135
	comp_distinto  reduce 135
	comp_igual  reduce 135
	'+'  reduce 135
	'-'  reduce 135
	'*'  reduce 135
	'/'  reduce 135
	'>'  reduce 135
	'<'  reduce 135
	','  reduce 135
	')'  reduce 135


state 160
	factor_positivo : cte .  (136)

	.  reduce 136


state 161
	expresion : expresion '+' termino_positivo .  (123)
	termino_positivo : termino_positivo . '*' factor  (129)
	termino_positivo : termino_positivo . '/' factor  (130)

	'*'  shift 197
	'/'  shift 198
	comp_menor_igual  reduce 123
	comp_mayor_igual  reduce 123
	comp_distinto  reduce 123
	comp_igual  reduce 123
	'+'  reduce 123
	'-'  reduce 123
	'>'  reduce 123
	'<'  reduce 123
	','  reduce 123
	')'  reduce 123


state 162
	termino_positivo : factor_positivo .  (131)

	.  reduce 131


state 163
	expresion : expresion '-' termino_positivo .  (124)
	termino_positivo : termino_positivo . '*' factor  (129)
	termino_positivo : termino_positivo . '/' factor  (130)

	'*'  shift 197
	'/'  shift 198
	comp_menor_igual  reduce 124
	comp_mayor_igual  reduce 124
	comp_distinto  reduce 124
	comp_igual  reduce 124
	'+'  reduce 124
	'-'  reduce 124
	'>'  reduce 124
	'<'  reduce 124
	','  reduce 124
	')'  reduce 124


state 164
	termino : termino '*' factor .  (126)

	.  reduce 126


state 165
	termino : termino '/' factor .  (127)

	.  reduce 127


state 166
	condicion_salto_if : '(' condicion ')' .  (104)

	.  reduce 104


state 167
	condicion : condicion comparador expresion_bool .  (108)

	.  reduce 108


state 168
	expresion_bool : expresion comparador expresion .  (109)
	expresion : expresion . '+' termino_positivo  (123)
	expresion : expresion . '-' termino_positivo  (124)

	'+'  shift 108
	'-'  shift 109
	comp_menor_igual  reduce 109
	comp_mayor_igual  reduce 109
	comp_distinto  reduce 109
	comp_igual  reduce 109
	'>'  reduce 109
	'<'  reduce 109
	')'  reduce 109


state 169
	if_seleccion : RETURN ',' .  (94)

	.  reduce 94


state 170
	if_seleccion : RETURN '(' . expresion ')' ','  (92)

	ID  shift 42
	cte  shift 43
	'-'  shift 45
	.  error

	expresion  goto 199
	termino  goto 48
	factor  goto 49
	constante  goto 50


state 171
	if_seleccion : '(' expresion . ')' ','  (93)
	expresion : expresion . '+' termino_positivo  (123)
	expresion : expresion . '-' termino_positivo  (124)

	'+'  shift 108
	'-'  shift 109
	')'  shift 200
	.  error


state 172
	if_seleccion : ejecucion RETURN . '(' expresion ')' ','  (91)

	'('  shift 201
	.  error


state 173
	if_seleccion : ejecucion ',' .  (90)

	.  reduce 90


state 174
	seleccion : IF condicion_salto_if if_seleccion ELSE . END_IF  (89)
	else_seleccion : ELSE . ejecucion ','  (97)
	else_seleccion : ELSE . ejecucion RETURN '(' expresion ')' ','  (98)
	else_seleccion : ELSE . RETURN '(' expresion ')' ','  (99)
	else_seleccion : ELSE . '(' expresion ')' ','  (100)
	else_seleccion : ELSE . RETURN ','  (101)
	else_seleccion : ELSE . ','  (102)
	else_seleccion : ELSE . ejecucion  (103)

	ID  shift 73
	IF  shift 10
	END_IF  shift 202
	PRINT  shift 11
	RETURN  shift 203
	DO  shift 13
	assign  shift 15
	','  shift 204
	'('  shift 205
	.  error

	ejecucion  goto 206
	sentencia  goto 33
	sentencia_ejecutable  goto 34
	asignacion  goto 35
	seleccion  goto 36
	impresion  goto 37
	DO_UNTIL  goto 38
	referencia_clase  goto 39
	pdo  goto 40


state 175
	seleccion : IF condicion_salto_if if_seleccion END_IF .  (85)

	.  reduce 85


state 176
	seleccion : IF condicion_salto_if if_seleccion begin . ejecucion end ',' END_IF  (87)

	ID  shift 73
	IF  shift 10
	PRINT  shift 11
	DO  shift 13
	assign  shift 15
	.  error

	ejecucion  goto 207
	sentencia  goto 33
	sentencia_ejecutable  goto 34
	asignacion  goto 35
	seleccion  goto 36
	impresion  goto 37
	DO_UNTIL  goto 38
	referencia_clase  goto 39
	pdo  goto 40


state 177
	seleccion : IF condicion_salto_if if_seleccion else_seleccion . END_IF  (86)

	END_IF  shift 208
	.  error


state 178
	declaracion_clase : CLASS ID '{' '}' . ','  (146)

	','  shift 209
	.  error


state 179
	declaracion_clase : CLASS ID '{' declaracion . '}' ','  (145)

	'}'  shift 210
	.  error


state 180
	declaracion_clase : CLASS '{' '}' ',' .  (147)

	.  reduce 147


state 181
	declaracion_impl : IMPL FOR ID ':' . '{' funciones_impl '}'  (149)

	'{'  shift 211
	.  error


state 182
	declaracion_variables : declaracion_variables tipo list_var ',' .  (21)

	.  reduce 21


state 183
	parametro : CLASS ID .  (42)

	.  reduce 42


state 184
	parametro : tipo ID .  (39)

	.  reduce 39


state 185
	funcion : header_funcion '(' list_de_parametros ')' . '{' cuerpo_de_la_funcion '}' ','  (30)
	funcion : header_funcion '(' list_de_parametros ')' . '{' '}' ','  (31)
	funcion_sin_definir : header_funcion '(' list_de_parametros ')' . ','  (32)

	','  shift 212
	'{'  shift 213
	.  error


state 186
	if_seleccion_do : bloque_sentencias_do .  (82)

	.  reduce 82


state 187
	seleccion_en_do : IF condicion_salto_if if_seleccion_do . END_IF  (78)
	seleccion_en_do : IF condicion_salto_if if_seleccion_do . else_seleccion_do END_IF  (79)
	seleccion_en_do : IF condicion_salto_if if_seleccion_do . bloque_sentencias_do END_IF  (80)
	seleccion_en_do : IF condicion_salto_if if_seleccion_do . ELSE END_IF  (81)

	ID  shift 91
	IF  shift 92
	ELSE  shift 214
	END_IF  shift 215
	PRINT  shift 11
	DO  shift 13
	assign  shift 15
	'{'  shift 94
	.  error

	asignacion  goto 95
	impresion  goto 96
	DO_UNTIL  goto 97
	pdo  goto 40
	bloque_sentencias_do  goto 216
	sentencia_ejecutable_do  goto 99
	sentencia_do  goto 100
	seleccion_en_do  goto 101
	else_seleccion_do  goto 217


state 188
	DO_UNTIL : pdo UNTIL '(' condicion . ')'  (62)
	condicion : condicion . comparador expresion_bool  (108)

	comp_menor_igual  shift 51
	comp_mayor_igual  shift 52
	comp_distinto  shift 53
	comp_igual  shift 54
	'>'  shift 55
	'<'  shift 56
	')'  shift 218
	.  error

	comparador  goto 115


state 189
	bloque_sentencias_do : '{' RETURN '(' . expresion ')' ',' '}'  (66)

	ID  shift 42
	cte  shift 43
	'-'  shift 45
	.  error

	expresion  goto 219
	termino  goto 48
	factor  goto 49
	constante  goto 50


state 190
	bloque_sentencias_do : '{' sentencia_ejecutable_do RETURN . '(' expresion ')' ',' '}'  (64)

	'('  shift 220
	.  error


state 191
	bloque_sentencias_do : '{' sentencia_ejecutable_do '}' .  (65)

	.  reduce 65


state 192
	DO_UNTIL : pdo bloque_sentencias_do UNTIL '(' . condicion ')'  (61)

	ID  shift 42
	cte  shift 43
	comp_menor_igual  shift 51
	comp_mayor_igual  shift 52
	comp_distinto  shift 53
	comp_igual  shift 54
	'-'  shift 45
	'>'  shift 55
	'<'  shift 56
	.  error

	condicion  goto 221
	expresion  goto 59
	expresion_bool  goto 61
	comparador  goto 62
	termino  goto 48
	factor  goto 49
	constante  goto 50


state 193
	factor : ID '(' list_parametros_reales ')' .  (134)

	.  reduce 134


state 194
	asignacion : ID assign '(' expresion ')' .  (118)

	.  reduce 118


state 195
	referencia_clase : ID '.' ID assign ID . ','  (58)
	referencia_clase : ID '.' ID assign ID . '.' ID ','  (59)
	referencia_clase : ID '.' ID assign ID . '(' list_de_parametros ')' ','  (60)

	','  shift 222
	'('  shift 223
	'.'  shift 224
	.  error


state 196
	factor_positivo : ID '(' . list_parametros_reales ')'  (137)
	list_parametros_reales : .  (142)

	ID  shift 42
	cte  shift 43
	'-'  shift 45
	')'  reduce 142

	expresion  goto 154
	termino  goto 48
	factor  goto 49
	constante  goto 50
	list_parametros_reales  goto 225
	parametro_real  goto 156


state 197
	termino_positivo : termino_positivo '*' . factor  (129)

	ID  shift 42
	cte  shift 43
	'-'  shift 45
	.  error

	factor  goto 226
	constante  goto 50


state 198
	termino_positivo : termino_positivo '/' . factor  (130)

	ID  shift 42
	cte  shift 43
	'-'  shift 45
	.  error

	factor  goto 227
	constante  goto 50


state 199
	if_seleccion : RETURN '(' expresion . ')' ','  (92)
	expresion : expresion . '+' termino_positivo  (123)
	expresion : expresion . '-' termino_positivo  (124)

	'+'  shift 108
	'-'  shift 109
	')'  shift 228
	.  error


state 200
	if_seleccion : '(' expresion ')' . ','  (93)

	','  shift 229
	.  error


state 201
	if_seleccion : ejecucion RETURN '(' . expresion ')' ','  (91)

	ID  shift 42
	cte  shift 43
	'-'  shift 45
	.  error

	expresion  goto 230
	termino  goto 48
	factor  goto 49
	constante  goto 50


state 202
	seleccion : IF condicion_salto_if if_seleccion ELSE END_IF .  (89)

	.  reduce 89


state 203
	else_seleccion : ELSE RETURN . '(' expresion ')' ','  (99)
	else_seleccion : ELSE RETURN . ','  (101)

	','  shift 231
	'('  shift 232
	.  error


state 204
	else_seleccion : ELSE ',' .  (102)

	.  reduce 102


state 205
	else_seleccion : ELSE '(' . expresion ')' ','  (100)

	ID  shift 42
	cte  shift 43
	'-'  shift 45
	.  error

	expresion  goto 233
	termino  goto 48
	factor  goto 49
	constante  goto 50


state 206
	ejecucion : ejecucion . sentencia  (50)
	else_seleccion : ELSE ejecucion . ','  (97)
	else_seleccion : ELSE ejecucion . RETURN '(' expresion ')' ','  (98)
	else_seleccion : ELSE ejecucion .  (103)

	ID  shift 73
	IF  shift 10
	PRINT  shift 11
	RETURN  shift 234
	DO  shift 13
	assign  shift 15
	','  shift 235
	END_IF  reduce 103

	sentencia  goto 76
	sentencia_ejecutable  goto 34
	asignacion  goto 35
	seleccion  goto 36
	impresion  goto 37
	DO_UNTIL  goto 38
	referencia_clase  goto 39
	pdo  goto 40


state 207
	ejecucion : ejecucion . sentencia  (50)
	seleccion : IF condicion_salto_if if_seleccion begin ejecucion . end ',' END_IF  (87)

	ID  shift 73
	IF  shift 10
	PRINT  shift 11
	DO  shift 13
	assign  shift 15
	'}'  shift 69
	.  error

	end  goto 236
	sentencia  goto 76
	sentencia_ejecutable  goto 34
	asignacion  goto 35
	seleccion  goto 36
	impresion  goto 37
	DO_UNTIL  goto 38
	referencia_clase  goto 39
	pdo  goto 40


state 208
	seleccion : IF condicion_salto_if if_seleccion else_seleccion END_IF .  (86)

	.  reduce 86


state 209
	declaracion_clase : CLASS ID '{' '}' ',' .  (146)

	.  reduce 146


state 210
	declaracion_clase : CLASS ID '{' declaracion '}' . ','  (145)

	','  shift 237
	.  error


state 211
	declaracion_impl : IMPL FOR ID ':' '{' . funciones_impl '}'  (149)

	VOID  shift 12
	.  error

	funcion  goto 238
	header_funcion  goto 239
	funciones_impl  goto 240


state 212
	funcion_sin_definir : header_funcion '(' list_de_parametros ')' ',' .  (32)

	.  reduce 32


state 213
	funcion : header_funcion '(' list_de_parametros ')' '{' . cuerpo_de_la_funcion '}' ','  (30)
	funcion : header_funcion '(' list_de_parametros ')' '{' . '}' ','  (31)

	ID  shift 9
	IF  shift 10
	PRINT  shift 11
	VOID  shift 12
	DO  shift 13
	CLASS  shift 14
	assign  shift 15
	UINT  shift 16
	SHORT  shift 17
	IMPL  shift 18
	DOUBLE  shift 19
	'}'  shift 241
	.  error

	declaracion  goto 242
	declaracion_variables  goto 24
	declaracion_funcion  goto 25
	declaracion_clase  goto 26
	tipo  goto 27
	list_var  goto 28
	funcion  goto 29
	funcion_sin_definir  goto 30
	declaracion_impl  goto 31
	header_funcion  goto 32
	cuerpo_de_la_funcion  goto 243
	ejecucion_funcion  goto 244
	bloque_funcion  goto 245
	sentencia_funcion  goto 246
	sentencia  goto 247
	sentencia_ejecutable  goto 34
	asignacion  goto 35
	seleccion  goto 36
	impresion  goto 37
	DO_UNTIL  goto 38
	referencia_clase  goto 39
	pdo  goto 40


state 214
	seleccion_en_do : IF condicion_salto_if if_seleccion_do ELSE . END_IF  (81)
	else_seleccion_do : ELSE . bloque_sentencias_do  (83)
	else_seleccion_do : ELSE . ','  (84)

	ID  shift 91
	IF  shift 92
	END_IF  shift 248
	PRINT  shift 11
	DO  shift 13
	assign  shift 15
	','  shift 249
	'{'  shift 94
	.  error

	asignacion  goto 95
	impresion  goto 96
	DO_UNTIL  goto 97
	pdo  goto 40
	bloque_sentencias_do  goto 250
	sentencia_ejecutable_do  goto 99
	sentencia_do  goto 100
	seleccion_en_do  goto 101


state 215
	seleccion_en_do : IF condicion_salto_if if_seleccion_do END_IF .  (78)

	.  reduce 78


state 216
	seleccion_en_do : IF condicion_salto_if if_seleccion_do bloque_sentencias_do . END_IF  (80)

	END_IF  shift 251
	.  error


state 217
	seleccion_en_do : IF condicion_salto_if if_seleccion_do else_seleccion_do . END_IF  (79)

	END_IF  shift 252
	.  error


state 218
	DO_UNTIL : pdo UNTIL '(' condicion ')' .  (62)

	.  reduce 62


state 219
	bloque_sentencias_do : '{' RETURN '(' expresion . ')' ',' '}'  (66)
	expresion : expresion . '+' termino_positivo  (123)
	expresion : expresion . '-' termino_positivo  (124)

	'+'  shift 108
	'-'  shift 109
	')'  shift 253
	.  error


state 220
	bloque_sentencias_do : '{' sentencia_ejecutable_do RETURN '(' . expresion ')' ',' '}'  (64)

	ID  shift 42
	cte  shift 43
	'-'  shift 45
	.  error

	expresion  goto 254
	termino  goto 48
	factor  goto 49
	constante  goto 50


state 221
	DO_UNTIL : pdo bloque_sentencias_do UNTIL '(' condicion . ')'  (61)
	condicion : condicion . comparador expresion_bool  (108)

	comp_menor_igual  shift 51
	comp_mayor_igual  shift 52
	comp_distinto  shift 53
	comp_igual  shift 54
	'>'  shift 55
	'<'  shift 56
	')'  shift 255
	.  error

	comparador  goto 115


state 222
	referencia_clase : ID '.' ID assign ID ',' .  (58)

	.  reduce 58


state 223
	referencia_clase : ID '.' ID assign ID '(' . list_de_parametros ')' ','  (60)
	list_de_parametros : .  (37)

	ID  shift 136
	CLASS  shift 137
	UINT  shift 16
	SHORT  shift 17
	DOUBLE  shift 19
	')'  reduce 37

	tipo  goto 138
	list_de_parametros  goto 256
	parametro  goto 140


state 224
	referencia_clase : ID '.' ID assign ID '.' . ID ','  (59)

	ID  shift 257
	.  error


state 225
	factor_positivo : ID '(' list_parametros_reales . ')'  (137)

	')'  shift 258
	.  error


state 226
	termino_positivo : termino_positivo '*' factor .  (129)

	.  reduce 129


state 227
	termino_positivo : termino_positivo '/' factor .  (130)

	.  reduce 130


state 228
	if_seleccion : RETURN '(' expresion ')' . ','  (92)

	','  shift 259
	.  error


state 229
	if_seleccion : '(' expresion ')' ',' .  (93)

	.  reduce 93


state 230
	if_seleccion : ejecucion RETURN '(' expresion . ')' ','  (91)
	expresion : expresion . '+' termino_positivo  (123)
	expresion : expresion . '-' termino_positivo  (124)

	'+'  shift 108
	'-'  shift 109
	')'  shift 260
	.  error


state 231
	else_seleccion : ELSE RETURN ',' .  (101)

	.  reduce 101


state 232
	else_seleccion : ELSE RETURN '(' . expresion ')' ','  (99)

	ID  shift 42
	cte  shift 43
	'-'  shift 45
	.  error

	expresion  goto 261
	termino  goto 48
	factor  goto 49
	constante  goto 50


state 233
	else_seleccion : ELSE '(' expresion . ')' ','  (100)
	expresion : expresion . '+' termino_positivo  (123)
	expresion : expresion . '-' termino_positivo  (124)

	'+'  shift 108
	'-'  shift 109
	')'  shift 262
	.  error


state 234
	else_seleccion : ELSE ejecucion RETURN . '(' expresion ')' ','  (98)

	'('  shift 263
	.  error


state 235
	else_seleccion : ELSE ejecucion ',' .  (97)

	.  reduce 97


state 236
	seleccion : IF condicion_salto_if if_seleccion begin ejecucion end . ',' END_IF  (87)

	','  shift 264
	.  error


state 237
	declaracion_clase : CLASS ID '{' declaracion '}' ',' .  (145)

	.  reduce 145


state 238
	funciones_impl : funcion .  (151)

	.  reduce 151


state 239
	funcion : header_funcion . '(' list_de_parametros ')' '{' cuerpo_de_la_funcion '}' ','  (30)
	funcion : header_funcion . '(' list_de_parametros ')' '{' '}' ','  (31)

	'('  shift 265
	.  error


state 240
	declaracion_impl : IMPL FOR ID ':' '{' funciones_impl . '}'  (149)
	funciones_impl : funciones_impl . funcion  (150)

	VOID  shift 12
	'}'  shift 266
	.  error

	funcion  goto 267
	header_funcion  goto 239


state 241
	funcion : header_funcion '(' list_de_parametros ')' '{' '}' . ','  (31)

	','  shift 268
	.  error


state 242
	cuerpo_de_la_funcion : declaracion . ejecucion_funcion  (35)

	ID  shift 73
	IF  shift 10
	PRINT  shift 11
	DO  shift 13
	assign  shift 15
	.  error

	ejecucion_funcion  goto 269
	bloque_funcion  goto 245
	sentencia_funcion  goto 246
	sentencia  goto 247
	sentencia_ejecutable  goto 34
	asignacion  goto 35
	seleccion  goto 36
	impresion  goto 37
	DO_UNTIL  goto 38
	referencia_clase  goto 39
	pdo  goto 40


state 243
	funcion : header_funcion '(' list_de_parametros ')' '{' cuerpo_de_la_funcion . '}' ','  (30)

	'}'  shift 270
	.  error


state 244
	cuerpo_de_la_funcion : ejecucion_funcion .  (36)

	.  reduce 36


state 245
	ejecucion_funcion : bloque_funcion .  (46)
	bloque_funcion : bloque_funcion . sentencia_funcion  (47)

	ID  shift 73
	IF  shift 10
	PRINT  shift 11
	DO  shift 13
	assign  shift 15
	'}'  reduce 46

	sentencia_funcion  goto 271
	sentencia  goto 247
	sentencia_ejecutable  goto 34
	asignacion  goto 35
	seleccion  goto 36
	impresion  goto 37
	DO_UNTIL  goto 38
	referencia_clase  goto 39
	pdo  goto 40


state 246
	bloque_funcion : sentencia_funcion .  (48)

	.  reduce 48


state 247
	sentencia_funcion : sentencia .  (49)

	.  reduce 49


state 248
	seleccion_en_do : IF condicion_salto_if if_seleccion_do ELSE END_IF .  (81)

	.  reduce 81


state 249
	else_seleccion_do : ELSE ',' .  (84)

	.  reduce 84


state 250
	else_seleccion_do : ELSE bloque_sentencias_do .  (83)

	.  reduce 83


state 251
	seleccion_en_do : IF condicion_salto_if if_seleccion_do bloque_sentencias_do END_IF .  (80)

	.  reduce 80


state 252
	seleccion_en_do : IF condicion_salto_if if_seleccion_do else_seleccion_do END_IF .  (79)

	.  reduce 79


state 253
	bloque_sentencias_do : '{' RETURN '(' expresion ')' . ',' '}'  (66)

	','  shift 272
	.  error


state 254
	bloque_sentencias_do : '{' sentencia_ejecutable_do RETURN '(' expresion . ')' ',' '}'  (64)
	expresion : expresion . '+' termino_positivo  (123)
	expresion : expresion . '-' termino_positivo  (124)

	'+'  shift 108
	'-'  shift 109
	')'  shift 273
	.  error


state 255
	DO_UNTIL : pdo bloque_sentencias_do UNTIL '(' condicion ')' .  (61)

	.  reduce 61


state 256
	referencia_clase : ID '.' ID assign ID '(' list_de_parametros . ')' ','  (60)

	')'  shift 274
	.  error


state 257
	referencia_clase : ID '.' ID assign ID '.' ID . ','  (59)

	','  shift 275
	.  error


state 258
	factor_positivo : ID '(' list_parametros_reales ')' .  (137)

	.  reduce 137


state 259
	if_seleccion : RETURN '(' expresion ')' ',' .  (92)

	.  reduce 92


state 260
	if_seleccion : ejecucion RETURN '(' expresion ')' . ','  (91)

	','  shift 276
	.  error


state 261
	else_seleccion : ELSE RETURN '(' expresion . ')' ','  (99)
	expresion : expresion . '+' termino_positivo  (123)
	expresion : expresion . '-' termino_positivo  (124)

	'+'  shift 108
	'-'  shift 109
	')'  shift 277
	.  error


state 262
	else_seleccion : ELSE '(' expresion ')' . ','  (100)

	','  shift 278
	.  error


state 263
	else_seleccion : ELSE ejecucion RETURN '(' . expresion ')' ','  (98)

	ID  shift 42
	cte  shift 43
	'-'  shift 45
	.  error

	expresion  goto 279
	termino  goto 48
	factor  goto 49
	constante  goto 50


state 264
	seleccion : IF condicion_salto_if if_seleccion begin ejecucion end ',' . END_IF  (87)

	END_IF  shift 280
	.  error


state 265
	funcion : header_funcion '(' . list_de_parametros ')' '{' cuerpo_de_la_funcion '}' ','  (30)
	funcion : header_funcion '(' . list_de_parametros ')' '{' '}' ','  (31)
	list_de_parametros : .  (37)

	ID  shift 136
	CLASS  shift 137
	UINT  shift 16
	SHORT  shift 17
	DOUBLE  shift 19
	')'  reduce 37

	tipo  goto 138
	list_de_parametros  goto 281
	parametro  goto 140


state 266
	declaracion_impl : IMPL FOR ID ':' '{' funciones_impl '}' .  (149)

	.  reduce 149


state 267
	funciones_impl : funciones_impl funcion .  (150)

	.  reduce 150


state 268
	funcion : header_funcion '(' list_de_parametros ')' '{' '}' ',' .  (31)

	.  reduce 31


state 269
	cuerpo_de_la_funcion : declaracion ejecucion_funcion .  (35)

	.  reduce 35


state 270
	funcion : header_funcion '(' list_de_parametros ')' '{' cuerpo_de_la_funcion '}' . ','  (30)

	','  shift 282
	.  error


state 271
	bloque_funcion : bloque_funcion sentencia_funcion .  (47)

	.  reduce 47


state 272
	bloque_sentencias_do : '{' RETURN '(' expresion ')' ',' . '}'  (66)

	'}'  shift 283
	.  error


state 273
	bloque_sentencias_do : '{' sentencia_ejecutable_do RETURN '(' expresion ')' . ',' '}'  (64)

	','  shift 284
	.  error


state 274
	referencia_clase : ID '.' ID assign ID '(' list_de_parametros ')' . ','  (60)

	','  shift 285
	.  error


state 275
	referencia_clase : ID '.' ID assign ID '.' ID ',' .  (59)

	.  reduce 59


state 276
	if_seleccion : ejecucion RETURN '(' expresion ')' ',' .  (91)

	.  reduce 91


state 277
	else_seleccion : ELSE RETURN '(' expresion ')' . ','  (99)

	','  shift 286
	.  error


state 278
	else_seleccion : ELSE '(' expresion ')' ',' .  (100)

	.  reduce 100


state 279
	else_seleccion : ELSE ejecucion RETURN '(' expresion . ')' ','  (98)
	expresion : expresion . '+' termino_positivo  (123)
	expresion : expresion . '-' termino_positivo  (124)

	'+'  shift 108
	'-'  shift 109
	')'  shift 287
	.  error


state 280
	seleccion : IF condicion_salto_if if_seleccion begin ejecucion end ',' END_IF .  (87)

	.  reduce 87


state 281
	funcion : header_funcion '(' list_de_parametros . ')' '{' cuerpo_de_la_funcion '}' ','  (30)
	funcion : header_funcion '(' list_de_parametros . ')' '{' '}' ','  (31)

	')'  shift 288
	.  error


state 282
	funcion : header_funcion '(' list_de_parametros ')' '{' cuerpo_de_la_funcion '}' ',' .  (30)

	.  reduce 30


state 283
	bloque_sentencias_do : '{' RETURN '(' expresion ')' ',' '}' .  (66)

	.  reduce 66


state 284
	bloque_sentencias_do : '{' sentencia_ejecutable_do RETURN '(' expresion ')' ',' . '}'  (64)

	'}'  shift 289
	.  error


state 285
	referencia_clase : ID '.' ID assign ID '(' list_de_parametros ')' ',' .  (60)

	.  reduce 60


state 286
	else_seleccion : ELSE RETURN '(' expresion ')' ',' .  (99)

	.  reduce 99


state 287
	else_seleccion : ELSE ejecucion RETURN '(' expresion ')' . ','  (98)

	','  shift 290
	.  error


state 288
	funcion : header_funcion '(' list_de_parametros ')' . '{' cuerpo_de_la_funcion '}' ','  (30)
	funcion : header_funcion '(' list_de_parametros ')' . '{' '}' ','  (31)

	'{'  shift 213
	.  error


state 289
	bloque_sentencias_do : '{' sentencia_ejecutable_do RETURN '(' expresion ')' ',' '}' .  (64)

	.  reduce 64


state 290
	else_seleccion : ELSE ejecucion RETURN '(' expresion ')' ',' .  (98)

	.  reduce 98


38 terminals, 53 nonterminals
152 grammar rules, 291 states
